<?xml version="1.0" encoding="UTF-8"?>
<testsuite name="REST Project 1.TestUsers" tests="2" failures="0" errors="0" time="0.397"><properties><property name="java.specification.version" value="21"/><property name="sun.jnu.encoding" value="UTF-8"/><property name="java.class.path" value="/usr/lib/jvm/java-21-openjdk-amd64/lib/jfxrt.jar:/opt/soapui/bin/soapui-5.7.0.jar:/opt/soapui/lib/swagger-jaxrs-1.6.0.jar:/opt/soapui/lib/commons-beanutils-1.9.4.jar:/opt/soapui/lib/binding-2.0.1.jar:/opt/soapui/lib/jackson-jaxrs-base-2.10.1.jar:/opt/soapui/lib/hermes-1.14.jar:/opt/soapui/lib/xmlbeans-3.1.1-sb-fixed.jar:/opt/soapui/lib/opensaml-2.5.1-1.jar:/opt/soapui/lib/jms-1.1.jar:/opt/soapui/lib/osgi-resource-locator-1.0.3.jar:/opt/soapui/lib/uri-template-0.9.jar:/opt/soapui/lib/jettison-1.2.jar:/opt/soapui/lib/miglayout-core-11.0.jar:/opt/soapui/lib/proxy-vole-20131209.jar:/opt/soapui/lib/jtidy-r872-jdk15.jar:/opt/soapui/lib/commons-csv-1.1.jar:/opt/soapui/lib/mailapi-1.4.3.jar:/opt/soapui/lib/groovy-test-3.0.6.jar:/opt/soapui/lib/swagger-core-1.6.2.jar:/opt/soapui/lib/jcommander-1.78.jar:/opt/soapui/lib/testng-7.3.0.jar:/opt/soapui/lib/jdom-1.0.jar:/opt/soapui/lib/log4j-core-2.17.1.jar:/opt/soapui/lib/json-schema-core-1.2.8.jar:/opt/soapui/lib/not-going-to-be-commons-ssl-0.3.20.jar:/opt/soapui/lib/activation-1.1.jar:/opt/soapui/lib/mimepull-1.9.11.jar:/opt/soapui/lib/xmlpull-1.1.3.1.jar:/opt/soapui/lib/groovy-macro-3.0.6.jar:/opt/soapui/lib/out-app-analytics-provider-5.5.3.jar:/opt/soapui/lib/xmltooling-1.3.2-1.jar:/opt/soapui/lib/guava-14.0.jar:/opt/soapui/lib/xmlsec-2.1.7.jar:/opt/soapui/lib/httpcore-nio-4.4.9.jar:/opt/soapui/lib/groovy-groovysh-3.0.6.jar:/opt/soapui/lib/jackson-module-jaxb-annotations-2.10.1.jar:/opt/soapui/lib/miglayout-swing-11.0.jar:/opt/soapui/lib/xmlParserAPIs-2.6.2.jar:/opt/soapui/lib/snakeyaml-1.26.jar:/opt/soapui/lib/jaxb-runtime-2.3.2.jar:/opt/soapui/lib/groovy-3.0.6.jar:/opt/soapui/lib/commons-logging-1.1.1.jar:/opt/soapui/lib/org.apache.oltu.oauth2.httpclient4-0.31.jar:/opt/soapui/lib/reactive-streams-1.0.2.jar:/opt/soapui/lib/swagger-models-1.6.2.jar:/opt/soapui/lib/groovy-templates-3.0.6.jar:/opt/soapui/lib/dom4j-1.6.1.jar:/opt/soapui/lib/jersey-server-2.29.1.jar:/opt/soapui/lib/javafx-graphics-16-linux.jar:/opt/soapui/lib/jakarta.ws.rs-api-2.1.6.jar:/opt/soapui/lib/maven-plugin-api-2.0.jar:/opt/soapui/lib/jersey-client-2.29.1.jar:/opt/soapui/lib/groovy-json-3.0.6.jar:/opt/soapui/lib/xstream-1.4.13.jar:/opt/soapui/lib/jcifs-1.2.9.jar:/opt/soapui/lib/picocli-4.5.1.jar:/opt/soapui/lib/json-smart-2.3.jar:/opt/soapui/lib/groovy-datetime-3.0.6.jar:/opt/soapui/lib/httpclient-4.5.5.jar:/opt/soapui/lib/qdox-1.12.1.jar:/opt/soapui/lib/joda-time-2.9.9.jar:/opt/soapui/lib/google-http-client-1.21.0.jar:/opt/soapui/lib/hk2-api-2.6.1.jar:/opt/soapui/lib/xalan-2.7.2.jar:/opt/soapui/lib/junit-platform-engine-1.7.0.jar:/opt/soapui/lib/bcprov-jdk15on-1.64.jar:/opt/soapui/lib/jaxen-1.1-beta-8.jar:/opt/soapui/lib/commons-lang3-3.4.jar:/opt/soapui/lib/FastInfoset-1.2.16.jar:/opt/soapui/lib/jline-2.14.6.jar:/opt/soapui/lib/groovy-testng-3.0.6.jar:/opt/soapui/lib/javafx-base-16.jar:/opt/soapui/lib/httpclient-cache-4.5.5.jar:/opt/soapui/lib/jakarta.activation-api-1.2.1.jar:/opt/soapui/lib/rhino-1.7R4.jar:/opt/soapui/lib/groovy-nio-3.0.6.jar:/opt/soapui/lib/google-oauth-client-1.21.0.jar:/opt/soapui/lib/jackson-jaxrs-json-provider-2.10.1.jar:/opt/soapui/lib/l2fprod-common-fontchooser-7.3.jar:/opt/soapui/lib/flex-messaging-opt-1.0.jar:/opt/soapui/lib/flex-messaging-remoting-1.0.jar:/opt/soapui/lib/jetty-6.1.26.jar:/opt/soapui/lib/libphonenumber-8.0.0.jar:/opt/soapui/lib/groovy-dateutil-3.0.6.jar:/opt/soapui/lib/json-path-2.4.0-fixed.jar:/opt/soapui/lib/jackson-core-2.13.0.jar:/opt/soapui/lib/swagger-parser-1.0.54.jar:/opt/soapui/lib/flex-messaging-proxy-1.0.jar:/opt/soapui/lib/animal-sniffer-annotations-1.11.jar:/opt/soapui/lib/java-dataloader-3.1.0.jar:/opt/soapui/lib/javafx-controls-16-linux.jar:/opt/soapui/lib/groovy-astbuilder-3.0.6.jar:/opt/soapui/lib/openws-1.4.2-1.jar:/opt/soapui/lib/jakarta.activation-1.2.1.jar:/opt/soapui/lib/slf4j-api-1.7.25.jar:/opt/soapui/lib/hk2-locator-2.6.1.jar:/opt/soapui/lib/mail-1.4.jar:/opt/soapui/lib/javafx-base-16-linux.jar:/opt/soapui/lib/ant-junit-1.10.8.jar:/opt/soapui/lib/woodstox-core-5.0.3.jar:/opt/soapui/lib/htmlunit-core-js-2.7.jar:/opt/soapui/lib/opentest4j-1.2.0.jar:/opt/soapui/lib/xml-apis-2.9.1.jar:/opt/soapui/lib/httpcore-4.4.9.jar:/opt/soapui/lib/groovy-servlet-3.0.6.jar:/opt/soapui/lib/stax-ex-1.8.1.jar:/opt/soapui/lib/saxon-9.jar:/opt/soapui/lib/xmlunit-1.2.jar:/opt/soapui/lib/cssparser-0.9.5.jar:/opt/soapui/lib/org.apache.oltu.oauth2.client-0.31.jar:/opt/soapui/lib/jackson-databind-2.13.0.jar:/opt/soapui/lib/httpmime-4.5.5.jar:/opt/soapui/lib/junit-platform-commons-1.7.0.jar:/opt/soapui/lib/jakarta.validation-api-2.0.2.jar:/opt/soapui/lib/json-lib-2.2.2-jdk15.jar:/opt/soapui/lib/groovy-jmx-3.0.6.jar:/opt/soapui/lib/groovy-test-junit5-3.0.6.jar:/opt/soapui/lib/flex-messaging-common-1.0.jar:/opt/soapui/lib/jersey-container-servlet-core-2.29.1.jar:/opt/soapui/lib/sac-1.3.jar:/opt/soapui/lib/javassist-3.16.1-GA.jar:/opt/soapui/lib/jsr173_api-1.0.jar:/opt/soapui/lib/commons-cli-1.2.jar:/opt/soapui/lib/graphql-java-17.3.jar:/opt/soapui/lib/saxon-dom-9.1.0.8j.jar:/opt/soapui/lib/reflections-0.9.9-RC1.jar:/opt/soapui/lib/javafx-media-16.jar:/opt/soapui/lib/looks-2.2.0.jar:/opt/soapui/lib/xom-1.1.jar:/opt/soapui/lib/groovy-sql-3.0.6.jar:/opt/soapui/lib/forms-1.0.7.jar:/opt/soapui/lib/commons-httpclient-3.1.jar:/opt/soapui/lib/ant-launcher-1.10.8.jar:/opt/soapui/lib/groovy-groovydoc-3.0.6.jar:/opt/soapui/lib/swingx-soapui.jar:/opt/soapui/lib/rsyntaxtextarea-2.5.0.jar:/opt/soapui/lib/ant-antlr-1.10.8.jar:/opt/soapui/lib/groovy-ant-3.0.6.jar:/opt/soapui/lib/log4j-api-2.17.1.jar:/opt/soapui/lib/javafx-media-16-linux.jar:/opt/soapui/lib/swagger-inflector-1.0.19.jar:/opt/soapui/lib/javafx-controls-16.jar:/opt/soapui/lib/commons-io-2.4.jar:/opt/soapui/lib/aopalliance-repackaged-2.6.1.jar:/opt/soapui/lib/swagger-annotations-1.6.2.jar:/opt/soapui/lib/msg-simple-1.1.jar:/opt/soapui/lib/cal10n-api-0.8.1.jar:/opt/soapui/lib/nekohtml-1.9.14.jar:/opt/soapui/lib/javaparser-core-3.16.1.jar:/opt/soapui/lib/saxon-9.1.0.8j.jar:/opt/soapui/lib/antlr4-runtime-4.9.2.jar:/opt/soapui/lib/junit-jupiter-engine-5.7.0.jar:/opt/soapui/lib/groovy-console-3.0.6.jar:/opt/soapui/lib/org.apache.oltu.oauth2.common-0.31.jar:/opt/soapui/lib/jsr305-1.3.9.jar:/opt/soapui/lib/istack-commons-runtime-3.0.8.jar:/opt/soapui/lib/i4jruntime-5.1.14.jar:/opt/soapui/lib/commons-codec-1.10.jar:/opt/soapui/lib/analytics-core-5.5.3.jar:/opt/soapui/lib/groovy-swing-3.0.6.jar:/opt/soapui/lib/hamcrest-core-1.3.jar:/opt/soapui/lib/jakarta.annotation-api-1.3.5.jar:/opt/soapui/lib/log4j-slf4j-impl-2.17.1.jar:/opt/soapui/lib/jackson-dataformat-xml-2.10.1.jar:/opt/soapui/lib/xmlbeans-xpath-2.6.0.jar:/opt/soapui/lib/l2fprod-common-directorychooser-7.3.jar:/opt/soapui/lib/mixpanel-java-1.4.4.jar:/opt/soapui/lib/jetty-util-6.1.26.jar:/opt/soapui/lib/junit-jupiter-api-5.7.0.jar:/opt/soapui/lib/jakarta.inject-2.6.1.jar:/opt/soapui/lib/groovy-xml-3.0.6.jar:/opt/soapui/lib/slf4j-ext-1.7.22.jar:/opt/soapui/lib/jackson-jaxrs-xml-provider-2.10.1.jar:/opt/soapui/lib/commons-fileupload-1.4.jar:/opt/soapui/lib/groovy-cli-picocli-3.0.6.jar:/opt/soapui/lib/xpp3_min-1.1.4c.jar:/opt/soapui/lib/stax2-api-3.1.4.jar:/opt/soapui/lib/json-20090211.jar:/opt/soapui/lib/flex-messaging-core-1.0.jar:/opt/soapui/lib/json-schema-validator-2.2.8.jar:/opt/soapui/lib/js-1.7R2.jar:/opt/soapui/lib/ws-commons-util-1.0.2.jar:/opt/soapui/lib/jersey-common-2.29.1.jar:/opt/soapui/lib/groovy-jsr223-3.0.6.jar:/opt/soapui/lib/servlet-api-2.5-20081211.jar:/opt/soapui/lib/serializer-2.7.2.jar:/opt/soapui/lib/jackson-datatype-joda-2.10.1.jar:/opt/soapui/lib/accessors-smart-1.2.jar:/opt/soapui/lib/jackson-coreutils-1.8.jar:/opt/soapui/lib/jackson-dataformat-yaml-2.11.1.jar:/opt/soapui/lib/commons-lang-2.4.jar:/opt/soapui/lib/xercesImpl-2.12.0.jar:/opt/soapui/lib/hk2-utils-2.6.1.jar:/opt/soapui/lib/jersey-media-multipart-2.29.1.jar:/opt/soapui/lib/javafx-graphics-16.jar:/opt/soapui/lib/htmlunit-2.7.jar:/opt/soapui/lib/jersey-media-jaxb-2.29.1.jar:/opt/soapui/lib/commons-collections-3.2.2.jar:/opt/soapui/lib/wsdl4j-1.6.2-fixed.jar:/opt/soapui/lib/swagger-jersey2-jaxrs-1.6.0.jar:/opt/soapui/lib/javafx-web-16-linux.jar:/opt/soapui/lib/ant-1.10.8.jar:/opt/soapui/lib/jakarta.xml.bind-api-2.3.2.jar:/opt/soapui/lib/jopt-simple-5.0.3.jar:/opt/soapui/lib/javafx-swing-16-linux.jar:/opt/soapui/lib/jackson-annotations-2.13.0.jar:/opt/soapui/lib/groovy-docgenerator-3.0.6.jar:/opt/soapui/lib/jersey-hk2-2.29.1.jar:/opt/soapui/lib/xml-apis-1.4.01.jar:/opt/soapui/lib/junit-platform-launcher-1.7.0.jar:/opt/soapui/lib/btf-1.2.jar:/opt/soapui/lib/junit-4.13.1.jar:/opt/soapui/lib/ezmorph-1.0.5.jar:/opt/soapui/lib/txw2-2.3.2.jar:/opt/soapui/lib/wss4j-1.6.17.jar"/><property name="sun.awt.enableExtraMouseButtons" value="true"/><property name="java.vm.vendor" value="Ubuntu"/><property name="sun.arch.data.model" value="64"/><property name="java.vendor.url" value="https://ubuntu.com/"/><property name="log4j2.formatMsgNoLookups" value="true"/><property name="user.timezone" value="America/Santiago"/><property name="java.vm.specification.version" value="21"/><property name="os.name" value="Linux"/><property name="sun.java.launcher" value="SUN_STANDARD"/><property name="sun.boot.library.path" value="/usr/lib/jvm/java-21-openjdk-amd64/lib"/><property name="sun.java.command" value="com.eviware.soapui.tools.SoapUITestCaseRunner -r -j -f /home/dalmeria/ejercicio-guiado-20250714/reports /home/dalmeria/ejercicio-guiado-20250714/REST-Project-1-soapui-project.xml"/><property name="jdk.debug" value="release"/><property name="sun.cpu.endian" value="little"/><property name="user.home" value="/home/dalmeria"/><property name="user.language" value="en"/><property name="java.specification.vendor" value="Oracle Corporation"/><property name="soapui.home" value="/opt/soapui/bin"/><property name="java.version.date" value="2025-04-15"/><property name="java.home" value="/usr/lib/jvm/java-21-openjdk-amd64"/><property name="file.separator" value="/"/><property name="java.vm.compressedOopsMode" value="32-bit"/><property name="line.separator" value="
"/><property name="java.vm.specification.vendor" value="Oracle Corporation"/><property name="java.specification.name" value="Java Platform API Specification"/><property name="soapui.ext.listeners" value="/opt/soapui/bin/listeners"/><property name="sun.management.compiler" value="HotSpot 64-Bit Tiered Compilers"/><property name="java.runtime.version" value="21.0.7+6-Ubuntu-0ubuntu124.04"/><property name="user.name" value="dalmeria"/><property name="stdout.encoding" value="UTF-8"/><property name="path.separator" value=":"/><property name="os.version" value="6.6.87.2-microsoft-standard-WSL2"/><property name="java.runtime.name" value="OpenJDK Runtime Environment"/><property name="file.encoding" value="UTF-8"/><property name="soapui.ext.libraries" value="/opt/soapui/bin/ext"/><property name="java.vm.name" value="OpenJDK 64-Bit Server VM"/><property name="java.vendor.url.bug" value="https://bugs.launchpad.net/ubuntu/+source/openjdk-21"/><property name="java.io.tmpdir" value="/tmp"/><property name="java.version" value="21.0.7"/><property name="user.dir" value="/opt/soapui/bin"/><property name="os.arch" value="amd64"/><property name="java.vm.specification.name" value="Java Virtual Machine Specification"/><property name="native.encoding" value="UTF-8"/><property name="java.library.path" value="/usr/java/packages/lib:/usr/lib/x86_64-linux-gnu/jni:/lib/x86_64-linux-gnu:/usr/lib/x86_64-linux-gnu:/usr/lib/jni:/lib:/usr/lib"/><property name="java.vm.info" value="mixed mode, sharing"/><property name="stderr.encoding" value="UTF-8"/><property name="java.vendor" value="Ubuntu"/><property name="java.vm.version" value="21.0.7+6-Ubuntu-0ubuntu124.04"/><property name="sun.io.unicode.encoding" value="UnicodeLittle"/><property name="soapui.ext.actions" value="/opt/soapui/bin/actions"/><property name="java.class.version" value="65.0"/><property name="soapui.properties" value="soapui.properties"/></properties><testcase name="https://jsonplaceholder.typicode.com TestSuite" time="0.324"/><testcase name="GetUser" time="0.073"/></testsuite>